<?xml version="1.0" encoding="UTF-8"?>
<!-- Generated by org.testng.reporters.JUnitXMLReporter -->
<testsuite hostname="Emis-MacBook-Pro.local" ignored="0" tests="5" failures="0" timestamp="2020-11-06T19:20:34 CST" time="4.454" errors="0">
  <testcase name="GetRandomNameNoAuth_Test" time="1.743" classname="Tests"/>
  <testcase name="GetRandomName_Test" time="0.7" classname="Tests"/>
  <testcase name="GetStatus_Test" time="0.529" classname="Tests"/>
  <testcase name="PostSameName_Test" time="0.55" classname="Tests"/>
  <testcase name="PutName_Test" time="0.525" classname="Tests"/>
</testsuite>
