-------------------------------------------------------------------------------
Test set: TestSuite
-------------------------------------------------------------------------------
Tests run: 5, Failures: 1, Errors: 0, Skipped: 0, Time elapsed: 5.793 s <<< FAILURE! - in TestSuite
PostSameName_Test(Tests)  Time elapsed: 0.598 s  <<< FAILURE!
java.lang.AssertionError: 
1 expectation failed.
Expected status code <200> but was <404>.

	at Tests.PostSameName_Test(Tests.java:68)

