<?xml version="1.0" encoding="UTF-8"?>
<testng-results skipped="0" failed="0" ignored="0" total="5" passed="5">
  <reporter-output>
  </reporter-output>
  <suite name="localhost" duration-ms="4454" started-at="2020-11-06T19:20:29 CST" finished-at="2020-11-06T19:20:34 CST">
    <groups>
    </groups>
    <test name="ExamenFinal3" duration-ms="4454" started-at="2020-11-06T19:20:29 CST" finished-at="2020-11-06T19:20:34 CST">
      <class name="Tests">
        <test-method status="PASS" signature="SetupRestAssured(java.lang.String)[pri:0, instance:Tests@25bbe1b6]" name="SetupRestAssured" is-config="true" duration-ms="383" started-at="2020-11-06T19:20:29 CST" finished-at="2020-11-06T19:20:30 CST">
          <params>
            <param index="0">
              <value is-null="true"/>
            </param>
          </params>
          <reporter-output>
          </reporter-output>
        </test-method> <!-- SetupRestAssured -->
        <test-method status="PASS" signature="before()[pri:0, instance:Tests@25bbe1b6]" name="before" is-config="true" duration-ms="0" started-at="2020-11-06T19:20:30 CST" finished-at="2020-11-06T19:20:30 CST">
          <reporter-output>
          </reporter-output>
        </test-method> <!-- before -->
        <test-method status="PASS" signature="GetRandomNameNoAuth_Test()[pri:0, instance:Tests@25bbe1b6]" name="GetRandomNameNoAuth_Test" duration-ms="1743" started-at="2020-11-06T19:20:30 CST" finished-at="2020-11-06T19:20:32 CST">
          <reporter-output>
          </reporter-output>
        </test-method> <!-- GetRandomNameNoAuth_Test -->
        <test-method status="PASS" signature="before()[pri:0, instance:Tests@25bbe1b6]" name="before" is-config="true" duration-ms="1" started-at="2020-11-06T19:20:32 CST" finished-at="2020-11-06T19:20:32 CST">
          <reporter-output>
          </reporter-output>
        </test-method> <!-- before -->
        <test-method status="PASS" signature="GetRandomName_Test()[pri:0, instance:Tests@25bbe1b6]" name="GetRandomName_Test" duration-ms="700" started-at="2020-11-06T19:20:32 CST" finished-at="2020-11-06T19:20:32 CST">
          <reporter-output>
          </reporter-output>
        </test-method> <!-- GetRandomName_Test -->
        <test-method status="PASS" signature="GetStatus_Test()[pri:0, instance:Tests@25bbe1b6]" name="GetStatus_Test" duration-ms="529" started-at="2020-11-06T19:20:32 CST" finished-at="2020-11-06T19:20:33 CST">
          <reporter-output>
          </reporter-output>
        </test-method> <!-- GetStatus_Test -->
        <test-method status="PASS" signature="before()[pri:0, instance:Tests@25bbe1b6]" name="before" is-config="true" duration-ms="0" started-at="2020-11-06T19:20:32 CST" finished-at="2020-11-06T19:20:32 CST">
          <reporter-output>
          </reporter-output>
        </test-method> <!-- before -->
        <test-method status="PASS" signature="PostSameName_Test()[pri:0, instance:Tests@25bbe1b6]" name="PostSameName_Test" duration-ms="550" started-at="2020-11-06T19:20:33 CST" finished-at="2020-11-06T19:20:33 CST">
          <reporter-output>
          </reporter-output>
        </test-method> <!-- PostSameName_Test -->
        <test-method status="PASS" signature="before()[pri:0, instance:Tests@25bbe1b6]" name="before" is-config="true" duration-ms="0" started-at="2020-11-06T19:20:33 CST" finished-at="2020-11-06T19:20:33 CST">
          <reporter-output>
          </reporter-output>
        </test-method> <!-- before -->
        <test-method status="PASS" signature="before()[pri:0, instance:Tests@25bbe1b6]" name="before" is-config="true" duration-ms="1" started-at="2020-11-06T19:20:33 CST" finished-at="2020-11-06T19:20:33 CST">
          <reporter-output>
          </reporter-output>
        </test-method> <!-- before -->
        <test-method status="PASS" signature="PutName_Test()[pri:0, instance:Tests@25bbe1b6]" name="PutName_Test" duration-ms="525" started-at="2020-11-06T19:20:33 CST" finished-at="2020-11-06T19:20:34 CST">
          <reporter-output>
          </reporter-output>
        </test-method> <!-- PutName_Test -->
      </class> <!-- Tests -->
    </test> <!-- ExamenFinal3 -->
  </suite> <!-- localhost -->
</testng-results>
