<?xml version="1.0" encoding="UTF-8"?>
<testsuite xmlns:xsi="http://www.w3.org/2001/XMLSchema-instance" xsi:noNamespaceSchemaLocation="https://maven.apache.org/surefire/maven-surefire-plugin/xsd/surefire-test-report.xsd" name="TestSuite" time="4.682" tests="5" errors="0" skipped="0" failures="0">
  <properties>
[...]
</properties>
  <testcase name="GetRandomNameNoAuth_Test" classname="Tests" time="1.745"/>
  <testcase name="GetRandomName_Test" classname="Tests" time="0.701"/>
  <testcase name="GetStatus_Test" classname="Tests" time="0.529"/>
  <testcase name="PostSameName_Test" classname="Tests" time="0.55"/>
  <testcase name="PutName_Test" classname="Tests" time="0.525"/>
</testsuite>